<?xml version="1.0" encoding="UTF-8"?>
<testsuites name="jest tests" tests="2" failures="0" time="6.074">
  <testsuite name="Components tests helpers" errors="0" failures="0" skipped="0" timestamp="2020-07-22T08:35:20" time="5.173" tests="2">
    <testcase classname="Components tests helpers Dummy test" name="Components tests helpers Dummy test" time="0.003">
    </testcase>
    <testcase classname="InfoComponent Component is created" name="InfoComponent Component is created" time="0.256">
    </testcase>
  </testsuite>
</testsuites>