<?xml version="1.0" encoding="UTF-8"?>
<testsuites name="jest tests" tests="2" failures="0" time="3.71">
  <testsuite name="Components tests helpers" errors="0" failures="0" skipped="0" timestamp="2020-07-28T07:31:25" time="3.137" tests="2">
    <testcase classname="Components tests helpers Dummy test" name="Components tests helpers Dummy test" time="0.003">
    </testcase>
    <testcase classname="process-list processListRequest" name="process-list processListRequest" time="0.192">
    </testcase>
  </testsuite>
</testsuites>