<?xml version="1.0" encoding="UTF-8"?>
<testsuites name="jest tests" tests="2" failures="0" time="4.175">
  <testsuite name="Components tests helpers" errors="0" failures="0" skipped="0" timestamp="2020-07-23T19:55:20" time="3.575" tests="2">
    <testcase classname="Components tests helpers Dummy test" name="Components tests helpers Dummy test" time="0.055">
    </testcase>
    <testcase classname="TabPrefsComponent Component is created" name="TabPrefsComponent Component is created" time="0.061">
    </testcase>
  </testsuite>
</testsuites>