<?xml version="1.0" encoding="UTF-8"?>
<testsuites name="jest tests" tests="6" failures="0" time="1.263">
  <testsuite name="ternimal" errors="0" failures="0" skipped="0" timestamp="2020-07-21T21:14:18" time="0.714" tests="6">
    <testcase classname="ternimal ready (dev mode)" name="ternimal ready (dev mode)" time="0.005">
    </testcase>
    <testcase classname="ternimal ready (prod mode)" name="ternimal ready (prod mode)" time="0.001">
    </testcase>
    <testcase classname="ternimal ready (getBounds)" name="ternimal ready (getBounds)" time="0.001">
    </testcase>
    <testcase classname="ternimal window-all-closed" name="ternimal window-all-closed" time="0.001">
    </testcase>
    <testcase classname="ternimal openDevTools" name="ternimal openDevTools" time="0">
    </testcase>
    <testcase classname="ternimal reload" name="ternimal reload" time="0.001">
    </testcase>
  </testsuite>
</testsuites>