<?xml version="1.0" encoding="UTF-8"?>
<testsuites name="jest tests" tests="4" failures="0" time="5.029">
  <testsuite name="State tests helpers" errors="0" failures="0" skipped="0" timestamp="2020-09-09T21:30:40" time="4.516" tests="4">
    <testcase classname="State tests helpers Dummy test" name="State tests helpers Dummy test" time="0.002">
    </testcase>
    <testcase classname="FileSystemFilesState loadPath" name="FileSystemFilesState loadPath" time="0.033">
    </testcase>
    <testcase classname="FileSystemFilesState unloadPath" name="FileSystemFilesState unloadPath" time="0.004">
    </testcase>
    <testcase classname="FileSystemFilesState descsForPaths" name="FileSystemFilesState descsForPaths" time="0.004">
    </testcase>
  </testsuite>
</testsuites>