<?xml version="1.0" encoding="UTF-8"?>
<testsuites name="jest tests" tests="21" failures="0" time="6.078">
  <testsuite name="State tests helpers" errors="0" failures="0" skipped="0" timestamp="2020-07-19T20:14:02" time="3.282" tests="3">
    <testcase classname="State tests helpers Dummy test" name="State tests helpers Dummy test" time="0.002">
    </testcase>
    <testcase classname="TernimalState Ternimal can be enabled and disabled" name="TernimalState Ternimal can be enabled and disabled" time="0.087">
    </testcase>
    <testcase classname="TernimalState Ternimal can compute a locally unique number" name="TernimalState Ternimal can compute a locally unique number" time="0.012">
    </testcase>
  </testsuite>
  <testsuite name="RootPageComponent" errors="0" failures="0" skipped="0" timestamp="2020-07-19T20:14:06" time="0.523" tests="1">
    <testcase classname="RootPageComponent App is created" name="RootPageComponent App is created" time="0.151">
    </testcase>
  </testsuite>
  <testsuite name="StorageService" errors="0" failures="0" skipped="0" timestamp="2020-07-19T20:14:06" time="0.319" tests="5">
    <testcase classname="StorageService clear" name="StorageService clear" time="0.031">
    </testcase>
    <testcase classname="StorageService getItem" name="StorageService getItem" time="0.008">
    </testcase>
    <testcase classname="StorageService key" name="StorageService key" time="0.007">
    </testcase>
    <testcase classname="StorageService removeItem" name="StorageService removeItem" time="0.006">
    </testcase>
    <testcase classname="StorageService setItem" name="StorageService setItem" time="0.006">
    </testcase>
  </testsuite>
  <testsuite name="local-storage" errors="0" failures="0" skipped="0" timestamp="2020-07-19T20:14:07" time="0.318" tests="6">
    <testcase classname="local-storage smoke test" name="local-storage smoke test" time="0.002">
    </testcase>
    <testcase classname="local-storage clear" name="local-storage clear" time="0">
    </testcase>
    <testcase classname="local-storage getItem" name="local-storage getItem" time="0.001">
    </testcase>
    <testcase classname="local-storage key" name="local-storage key" time="0">
    </testcase>
    <testcase classname="local-storage removeItem" name="local-storage removeItem" time="0.001">
    </testcase>
    <testcase classname="local-storage setItem" name="local-storage setItem" time="0">
    </testcase>
  </testsuite>
  <testsuite name="State tests helpers" errors="0" failures="0" skipped="0" timestamp="2020-07-19T20:14:07" time="0.291" tests="1">
    <testcase classname="State tests helpers Dummy test" name="State tests helpers Dummy test" time="0.002">
    </testcase>
  </testsuite>
  <testsuite name="ternimal" errors="0" failures="0" skipped="0" timestamp="2020-07-19T20:14:07" time="0.292" tests="4">
    <testcase classname="ternimal ready (dev mode)" name="ternimal ready (dev mode)" time="0.003">
    </testcase>
    <testcase classname="ternimal ready (prod mode)" name="ternimal ready (prod mode)" time="0.001">
    </testcase>
    <testcase classname="ternimal ready (getBounds)" name="ternimal ready (getBounds)" time="0.001">
    </testcase>
    <testcase classname="ternimal window-all-closed" name="ternimal window-all-closed" time="0.001">
    </testcase>
  </testsuite>
  <testsuite name="channels" errors="0" failures="0" skipped="0" timestamp="2020-07-19T20:14:07" time="0.265" tests="1">
    <testcase classname="channels enums" name="channels enums" time="0.002">
    </testcase>
  </testsuite>
</testsuites>