<?xml version="1.0" encoding="UTF-8"?>
<testsuites name="jest tests" tests="2" failures="0" time="4.135">
  <testsuite name="icons" errors="0" failures="0" skipped="0" timestamp="2020-09-02T14:29:12" time="3.589" tests="2">
    <testcase classname="icons makeColor" name="icons makeColor" time="0.003">
    </testcase>
    <testcase classname="icons makeIcon" name="icons makeIcon" time="0.001">
    </testcase>
  </testsuite>
</testsuites>