<?xml version="1.0" encoding="UTF-8"?>
<testsuites name="jest tests" tests="2" failures="0" time="5.866">
  <testsuite name="Widgets tests helpers" errors="0" failures="0" skipped="0" timestamp="2020-08-03T10:42:16" time="5.189" tests="2">
    <testcase classname="Widgets tests helpers Dummy test" name="Widgets tests helpers Dummy test" time="0.048">
    </testcase>
    <testcase classname="ProcessListComponent Component is created" name="ProcessListComponent Component is created" time="0.103">
    </testcase>
  </testsuite>
</testsuites>