<?xml version="1.0" encoding="UTF-8"?>
<testsuites name="jest tests" tests="1" failures="0" time="4.384">
  <testsuite name="xterm-pty" errors="0" failures="0" skipped="0" timestamp="2020-09-01T11:47:24" time="3.8" tests="1">
    <testcase classname="xterm-pty findCWD" name="xterm-pty findCWD" time="0.511">
    </testcase>
  </testsuite>
</testsuites>