<?xml version="1.0" encoding="UTF-8"?>
<testsuites name="jest tests" tests="4" failures="0" time="4.482">
  <testsuite name="chmod" errors="0" failures="0" skipped="0" timestamp="2020-09-02T21:12:56" time="3.559" tests="4">
    <testcase classname="chmod fsChmod" name="chmod fsChmod" time="0.006">
    </testcase>
    <testcase classname="chmod fsChmodImpl" name="chmod fsChmodImpl" time="0.001">
    </testcase>
    <testcase classname="chmod report" name="chmod report" time="0.001">
    </testcase>
    <testcase classname="chmod statsByPath" name="chmod statsByPath" time="0.001">
    </testcase>
  </testsuite>
</testsuites>