<?xml version="1.0" encoding="UTF-8"?>
<testsuites name="jest tests" tests="4" failures="0" time="3.832">
  <testsuite name="Utils" errors="0" failures="0" skipped="0" timestamp="2020-07-24T08:14:54" time="3.258" tests="4">
    <testcase classname="Utils Object can be deep copied" name="Utils Object can be deep copied" time="0.014">
    </testcase>
    <testcase classname="Utils hasProperty can test for a string" name="Utils hasProperty can test for a string" time="0.004">
    </testcase>
    <testcase classname="Utils hasProperty can test for a regexp" name="Utils hasProperty can test for a regexp" time="0.002">
    </testcase>
    <testcase classname="Utils nextTick works asynchronously" name="Utils nextTick works asynchronously" time="0.007">
    </testcase>
  </testsuite>
</testsuites>