<?xml version="1.0" encoding="UTF-8"?>
<testsuites name="jest tests" tests="13" failures="0" time="3.975">
  <testsuite name="State tests helpers" errors="0" failures="0" skipped="0" timestamp="2020-09-08T11:45:09" time="3.458" tests="13">
    <testcase classname="State tests helpers Dummy test" name="State tests helpers Dummy test" time="0.002">
    </testcase>
    <testcase classname="LayoutState makeSplit/closeSplit - vertical - before" name="LayoutState makeSplit/closeSplit - vertical - before" time="0.034">
    </testcase>
    <testcase classname="LayoutState makeSplit/closeSplit - vertical - after" name="LayoutState makeSplit/closeSplit - vertical - after" time="0.004">
    </testcase>
    <testcase classname="LayoutState makeSplit/closeSplit - horizontal - before" name="LayoutState makeSplit/closeSplit - horizontal - before" time="0.004">
    </testcase>
    <testcase classname="LayoutState makeSplit/closeSplit - horizontal - after" name="LayoutState makeSplit/closeSplit - horizontal - after" time="0.003">
    </testcase>
    <testcase classname="LayoutState makeSplit/closeSplit - collapse splits" name="LayoutState makeSplit/closeSplit - collapse splits" time="0.003">
    </testcase>
    <testcase classname="LayoutState updateSplit" name="LayoutState updateSplit" time="0.003">
    </testcase>
    <testcase classname="LayoutState newLayout/remove" name="LayoutState newLayout/remove" time="0.003">
    </testcase>
    <testcase classname="LayoutState findSplitByID" name="LayoutState findSplitByID" time="0.005">
    </testcase>
    <testcase classname="LayoutState layout -- from selection" name="LayoutState layout -- from selection" time="0.004">
    </testcase>
    <testcase classname="LayoutState everySplit" name="LayoutState everySplit" time="0.003">
    </testcase>
    <testcase classname="LayoutState someSplit" name="LayoutState someSplit" time="0.003">
    </testcase>
    <testcase classname="LayoutState visitSplits" name="LayoutState visitSplits" time="0.005">
    </testcase>
  </testsuite>
</testsuites>