<?xml version="1.0" encoding="UTF-8"?>
<testsuites name="jest tests" tests="3" failures="0" time="2.404">
  <testsuite name="Pages tests helpers" errors="0" failures="0" skipped="0" timestamp="2020-09-13T20:56:44" time="1.896" tests="3">
    <testcase classname="Pages tests helpers Dummy test" name="Pages tests helpers Dummy test" time="0.3">
    </testcase>
    <testcase classname="PaneComponent allWidgets" name="PaneComponent allWidgets" time="0.101">
    </testcase>
    <testcase classname="PaneComponent cancelLongRunningOp" name="PaneComponent cancelLongRunningOp" time="0.031">
    </testcase>
  </testsuite>
</testsuites>