<?xml version="1.0" encoding="UTF-8"?>
<testsuites name="jest tests" tests="96" failures="0" time="29.463">
  <testsuite name="Components tests helpers" errors="0" failures="0" skipped="0" timestamp="2020-08-03T11:06:53" time="7.244" tests="5">
    <testcase classname="Components tests helpers Dummy test" name="Components tests helpers Dummy test" time="0.126">
    </testcase>
    <testcase classname="ToolbarComponent Component is created" name="ToolbarComponent Component is created" time="0.139">
    </testcase>
    <testcase classname="ToolbarComponent devtools" name="ToolbarComponent devtools" time="0.058">
    </testcase>
    <testcase classname="ToolbarComponent newLayout" name="ToolbarComponent newLayout" time="0.066">
    </testcase>
    <testcase classname="ToolbarComponent reload" name="ToolbarComponent reload" time="0.047">
    </testcase>
  </testsuite>
  <testsuite name="State tests helpers" errors="0" failures="0" skipped="0" timestamp="2020-08-03T11:07:01" time="0.531" tests="2">
    <testcase classname="State tests helpers Dummy test" name="State tests helpers Dummy test" time="0.002">
    </testcase>
    <testcase classname="ProcessListState dummy" name="ProcessListState dummy" time="0.045">
    </testcase>
  </testsuite>
  <testsuite name="Widgets tests helpers" errors="0" failures="0" skipped="0" timestamp="2020-08-03T11:07:01" time="0.811" tests="2">
    <testcase classname="Widgets tests helpers Dummy test" name="Widgets tests helpers Dummy test" time="0.046">
    </testcase>
    <testcase classname="ProcessListComponent Component is created" name="ProcessListComponent Component is created" time="0.086">
    </testcase>
  </testsuite>
  <testsuite name="Components tests helpers" errors="0" failures="0" skipped="0" timestamp="2020-08-03T11:07:02" time="0.582" tests="2">
    <testcase classname="Components tests helpers Dummy test" name="Components tests helpers Dummy test" time="0.002">
    </testcase>
    <testcase classname="process-list processListRequest" name="process-list processListRequest" time="0.255">
    </testcase>
  </testsuite>
  <testsuite name="Components tests helpers" errors="0" failures="0" skipped="0" timestamp="2020-08-03T11:07:03" time="0.817" tests="5">
    <testcase classname="Components tests helpers Dummy test" name="Components tests helpers Dummy test" time="0.12">
    </testcase>
    <testcase classname="TabsComponent Component is created" name="TabsComponent Component is created" time="0.084">
    </testcase>
    <testcase classname="TabsComponent isInMore" name="TabsComponent isInMore" time="0.036">
    </testcase>
    <testcase classname="TabsComponent remove" name="TabsComponent remove" time="0.042">
    </testcase>
    <testcase classname="TabsComponent select" name="TabsComponent select" time="0.025">
    </testcase>
  </testsuite>
  <testsuite name="RootComponent" errors="0" failures="0" skipped="0" timestamp="2020-08-03T11:07:03" time="0.777" tests="1">
    <testcase classname="RootComponent App is created" name="RootComponent App is created" time="0.275">
    </testcase>
  </testsuite>
  <testsuite name="Components tests helpers" errors="0" failures="0" skipped="0" timestamp="2020-08-03T11:07:04" time="0.669" tests="2">
    <testcase classname="Components tests helpers Dummy test" name="Components tests helpers Dummy test" time="0.111">
    </testcase>
    <testcase classname="TabPrefsComponent Component is created" name="TabPrefsComponent Component is created" time="0.106">
    </testcase>
  </testsuite>
  <testsuite name="Components tests helpers" errors="0" failures="0" skipped="0" timestamp="2020-08-03T11:07:05" time="0.837" tests="2">
    <testcase classname="Components tests helpers Dummy test" name="Components tests helpers Dummy test" time="0.184">
    </testcase>
    <testcase classname="HeaderComponent Component is created" name="HeaderComponent Component is created" time="0.125">
    </testcase>
  </testsuite>
  <testsuite name="Components tests helpers" errors="0" failures="0" skipped="0" timestamp="2020-08-03T11:07:06" time="0.609" tests="2">
    <testcase classname="Components tests helpers Dummy test" name="Components tests helpers Dummy test" time="0.043">
    </testcase>
    <testcase classname="ConfirmDialogComponent Component is created" name="ConfirmDialogComponent Component is created" time="0.07">
    </testcase>
  </testsuite>
  <testsuite name="Components tests helpers" errors="0" failures="0" skipped="0" timestamp="2020-08-03T11:07:06" time="0.733" tests="2">
    <testcase classname="Components tests helpers Dummy test" name="Components tests helpers Dummy test" time="0.111">
    </testcase>
    <testcase classname="SplittableComponent Component is created" name="SplittableComponent Component is created" time="0.065">
    </testcase>
  </testsuite>
  <testsuite name="Components tests helpers" errors="0" failures="0" skipped="0" timestamp="2020-08-03T11:07:07" time="0.873" tests="2">
    <testcase classname="Components tests helpers Dummy test" name="Components tests helpers Dummy test" time="0.17">
    </testcase>
    <testcase classname="PaneComponent Component is created" name="PaneComponent Component is created" time="0.111">
    </testcase>
  </testsuite>
  <testsuite name="Components tests helpers" errors="0" failures="0" skipped="0" timestamp="2020-08-03T11:07:08" time="1.101" tests="2">
    <testcase classname="Components tests helpers Dummy test" name="Components tests helpers Dummy test" time="0.184">
    </testcase>
    <testcase classname="SystemInfoComponent Component is created" name="SystemInfoComponent Component is created" time="0.092">
    </testcase>
  </testsuite>
  <testsuite name="Components tests helpers" errors="0" failures="0" skipped="0" timestamp="2020-08-03T11:07:09" time="0.665" tests="4">
    <testcase classname="Components tests helpers Dummy test" name="Components tests helpers Dummy test" time="0.042">
    </testcase>
    <testcase classname="EqGaugeComponent Component is created" name="EqGaugeComponent Component is created" time="0.064">
    </testcase>
    <testcase classname="EqGaugeComponent count is calculated correctly" name="EqGaugeComponent count is calculated correctly" time="0.029">
    </testcase>
    <testcase classname="EqGaugeComponent color is calculated correctly" name="EqGaugeComponent color is calculated correctly" time="0.024">
    </testcase>
  </testsuite>
  <testsuite name="Components tests helpers" errors="0" failures="0" skipped="0" timestamp="2020-08-03T11:07:10" time="0.694" tests="1">
    <testcase classname="Components tests helpers Dummy test" name="Components tests helpers Dummy test" time="0.13">
    </testcase>
  </testsuite>
  <testsuite name="Components tests helpers" errors="0" failures="0" skipped="0" timestamp="2020-08-03T11:07:11" time="0.58" tests="2">
    <testcase classname="Components tests helpers Dummy test" name="Components tests helpers Dummy test" time="0.042">
    </testcase>
    <testcase classname="TableComponent Component is created" name="TableComponent Component is created" time="0.072">
    </testcase>
  </testsuite>
  <testsuite name="Widgets tests helpers" errors="0" failures="0" skipped="0" timestamp="2020-08-03T11:07:11" time="0.606" tests="2">
    <testcase classname="Widgets tests helpers Dummy test" name="Widgets tests helpers Dummy test" time="0.05">
    </testcase>
    <testcase classname="TerminalComponent Component is created" name="TerminalComponent Component is created" time="0.055">
    </testcase>
  </testsuite>
  <testsuite name="Components tests helpers" errors="0" failures="0" skipped="0" timestamp="2020-08-03T11:07:12" time="0.65" tests="2">
    <testcase classname="Components tests helpers Dummy test" name="Components tests helpers Dummy test" time="0.047">
    </testcase>
    <testcase classname="SparklineComponent Component is created" name="SparklineComponent Component is created" time="0.069">
    </testcase>
  </testsuite>
  <testsuite name="Widgets tests helpers" errors="0" failures="0" skipped="0" timestamp="2020-08-03T11:07:13" time="0.597" tests="2">
    <testcase classname="Widgets tests helpers Dummy test" name="Widgets tests helpers Dummy test" time="0.049">
    </testcase>
    <testcase classname="FileSystemComponent Component is created" name="FileSystemComponent Component is created" time="0.068">
    </testcase>
  </testsuite>
  <testsuite name="Widgets tests helpers" errors="0" failures="0" skipped="0" timestamp="2020-08-03T11:07:13" time="0.654" tests="1">
    <testcase classname="Widgets tests helpers Dummy test" name="Widgets tests helpers Dummy test" time="0.055">
    </testcase>
  </testsuite>
  <testsuite name="Components tests helpers" errors="0" failures="0" skipped="0" timestamp="2020-08-03T11:07:14" time="0.61" tests="1">
    <testcase classname="Components tests helpers Dummy test" name="Components tests helpers Dummy test" time="0.056">
    </testcase>
  </testsuite>
  <testsuite name="State tests helpers" errors="0" failures="0" skipped="0" timestamp="2020-08-03T11:07:15" time="0.481" tests="7">
    <testcase classname="State tests helpers Dummy test" name="State tests helpers Dummy test" time="0.003">
    </testcase>
    <testcase classname="LayoutState makeSplit/closeSplit - vertical" name="LayoutState makeSplit/closeSplit - vertical" time="0.038">
    </testcase>
    <testcase classname="LayoutState makeSplit/closeSplit - horizontal" name="LayoutState makeSplit/closeSplit - horizontal" time="0.007">
    </testcase>
    <testcase classname="LayoutState updateSplit" name="LayoutState updateSplit" time="0.006">
    </testcase>
    <testcase classname="LayoutState newLayout/removeLayout" name="LayoutState newLayout/removeLayout" time="0.009">
    </testcase>
    <testcase classname="LayoutState findSplitByID" name="LayoutState findSplitByID" time="0.006">
    </testcase>
    <testcase classname="LayoutState visitSplits" name="LayoutState visitSplits" time="0.005">
    </testcase>
  </testsuite>
  <testsuite name="State tests helpers" errors="0" failures="0" skipped="0" timestamp="2020-08-03T11:07:15" time="0.452" tests="7">
    <testcase classname="State tests helpers Dummy test" name="State tests helpers Dummy test" time="0.002">
    </testcase>
    <testcase classname="TabsState newTab/removeTab" name="TabsState newTab/removeTab" time="0.049">
    </testcase>
    <testcase classname="TabsState moveTab - left" name="TabsState moveTab - left" time="0.01">
    </testcase>
    <testcase classname="TabsState moveTab - right" name="TabsState moveTab - right" time="0.008">
    </testcase>
    <testcase classname="TabsState updateTab" name="TabsState updateTab" time="0.013">
    </testcase>
    <testcase classname="TabsState tab accessor" name="TabsState tab accessor" time="0.008">
    </testcase>
    <testcase classname="TabsState tabIndex accessor" name="TabsState tabIndex accessor" time="0.005">
    </testcase>
  </testsuite>
  <testsuite name="State tests helpers" errors="0" failures="0" skipped="0" timestamp="2020-08-03T11:07:16" time="0.374" tests="3">
    <testcase classname="State tests helpers Dummy test" name="State tests helpers Dummy test" time="0.002">
    </testcase>
    <testcase classname="SelectionState selectLayout" name="SelectionState selectLayout" time="0.032">
    </testcase>
    <testcase classname="SelectionState selectSplit" name="SelectionState selectSplit" time="0.007">
    </testcase>
  </testsuite>
  <testsuite name="State tests helpers" errors="0" failures="0" skipped="0" timestamp="2020-08-03T11:07:16" time="0.41" tests="4">
    <testcase classname="State tests helpers Dummy test" name="State tests helpers Dummy test" time="0.002">
    </testcase>
    <testcase classname="TernimalState Ternimal can be enabled and disabled" name="TernimalState Ternimal can be enabled and disabled" time="0.032">
    </testcase>
    <testcase classname="TernimalState Tab prefs can be shown/hidden" name="TernimalState Tab prefs can be shown/hidden" time="0.006">
    </testcase>
    <testcase classname="TernimalState Ternimal can compute a locally unique number" name="TernimalState Ternimal can compute a locally unique number" time="0.004">
    </testcase>
  </testsuite>
  <testsuite name="StorageService" errors="0" failures="0" skipped="0" timestamp="2020-08-03T11:07:16" time="0.32" tests="5">
    <testcase classname="StorageService clear" name="StorageService clear" time="0.018">
    </testcase>
    <testcase classname="StorageService getItem" name="StorageService getItem" time="0.004">
    </testcase>
    <testcase classname="StorageService key" name="StorageService key" time="0.003">
    </testcase>
    <testcase classname="StorageService removeItem" name="StorageService removeItem" time="0.003">
    </testcase>
    <testcase classname="StorageService setItem" name="StorageService setItem" time="0.002">
    </testcase>
  </testsuite>
  <testsuite name="State tests helpers" errors="0" failures="0" skipped="0" timestamp="2020-08-03T11:07:17" time="0.409" tests="1">
    <testcase classname="State tests helpers Dummy test" name="State tests helpers Dummy test" time="0.003">
    </testcase>
  </testsuite>
  <testsuite name="ternimal" errors="0" failures="0" skipped="0" timestamp="2020-08-03T11:07:17" time="0.326" tests="4">
    <testcase classname="ternimal ready (dev mode)" name="ternimal ready (dev mode)" time="0.004">
    </testcase>
    <testcase classname="ternimal ready (prod mode)" name="ternimal ready (prod mode)" time="0.001">
    </testcase>
    <testcase classname="ternimal ready (getBounds)" name="ternimal ready (getBounds)" time="0.001">
    </testcase>
    <testcase classname="ternimal window-all-closed" name="ternimal window-all-closed" time="0.002">
    </testcase>
  </testsuite>
  <testsuite name="State tests helpers" errors="0" failures="0" skipped="0" timestamp="2020-08-03T11:07:17" time="0.371" tests="1">
    <testcase classname="State tests helpers Dummy test" name="State tests helpers Dummy test" time="0.003">
    </testcase>
  </testsuite>
  <testsuite name="system-info" errors="0" failures="0" skipped="0" timestamp="2020-08-03T11:07:18" time="0.379" tests="1">
    <testcase classname="system-info systemInfo" name="system-info systemInfo" time="0.004">
    </testcase>
  </testsuite>
  <testsuite name="Utils" errors="0" failures="0" skipped="0" timestamp="2020-08-03T11:07:18" time="0.403" tests="4">
    <testcase classname="Utils Object can be deep copied" name="Utils Object can be deep copied" time="0.023">
    </testcase>
    <testcase classname="Utils hasProperty can test for a string" name="Utils hasProperty can test for a string" time="0.005">
    </testcase>
    <testcase classname="Utils hasProperty can test for a regexp" name="Utils hasProperty can test for a regexp" time="0.004">
    </testcase>
    <testcase classname="Utils nextTick works asynchronously" name="Utils nextTick works asynchronously" time="0.006">
    </testcase>
  </testsuite>
  <testsuite name="local-storage" errors="0" failures="0" skipped="0" timestamp="2020-08-03T11:07:19" time="0.55" tests="6">
    <testcase classname="local-storage smoke test" name="local-storage smoke test" time="0.003">
    </testcase>
    <testcase classname="local-storage clear" name="local-storage clear" time="0">
    </testcase>
    <testcase classname="local-storage getItem" name="local-storage getItem" time="0.001">
    </testcase>
    <testcase classname="local-storage key" name="local-storage key" time="0">
    </testcase>
    <testcase classname="local-storage removeItem" name="local-storage removeItem" time="0.001">
    </testcase>
    <testcase classname="local-storage setItem" name="local-storage setItem" time="0.001">
    </testcase>
  </testsuite>
  <testsuite name="Components tests helpers" errors="0" failures="0" skipped="0" timestamp="2020-08-03T11:07:19" time="0.358" tests="1">
    <testcase classname="Components tests helpers Dummy test" name="Components tests helpers Dummy test" time="0.003">
    </testcase>
  </testsuite>
  <testsuite name="DestroyService" errors="0" failures="0" skipped="0" timestamp="2020-08-03T11:07:20" time="0.294" tests="1">
    <testcase classname="DestroyService destroy$ will complete a stream" name="DestroyService destroy$ will complete a stream" time="0.004">
    </testcase>
  </testsuite>
  <testsuite name="toolbar" errors="0" failures="0" skipped="0" timestamp="2020-08-03T11:07:20" time="0.3" tests="2">
    <testcase classname="toolbar openDevTools" name="toolbar openDevTools" time="0.003">
    </testcase>
    <testcase classname="toolbar reload" name="toolbar reload" time="0">
    </testcase>
  </testsuite>
  <testsuite name="Params" errors="0" failures="0" skipped="0" timestamp="2020-08-03T11:07:20" time="0.31" tests="1">
    <testcase classname="Params uuid" name="Params uuid" time="0.016">
    </testcase>
  </testsuite>
  <testsuite name="RangePipe" errors="0" failures="0" skipped="0" timestamp="2020-08-03T11:07:21" time="0.359" tests="2">
    <testcase classname="RangePipe creates array without offset" name="RangePipe creates array without offset" time="0.004">
    </testcase>
    <testcase classname="RangePipe creates array with offset" name="RangePipe creates array with offset" time="0">
    </testcase>
  </testsuite>
  <testsuite name="channels" errors="0" failures="0" skipped="0" timestamp="2020-08-03T11:07:21" time="0.32" tests="1">
    <testcase classname="channels enums" name="channels enums" time="0.003">
    </testcase>
  </testsuite>
  <testsuite name="operators" errors="0" failures="0" skipped="0" timestamp="2020-08-03T11:07:21" time="0.398" tests="1">
    <testcase classname="operators scratch" name="operators scratch" time="0.003">
    </testcase>
  </testsuite>
</testsuites>