<?xml version="1.0" encoding="UTF-8"?>
<testsuites name="jest tests" tests="7" failures="0" time="4.463">
  <testsuite name="State tests helpers" errors="0" failures="0" skipped="0" timestamp="2020-09-06T21:16:42" time="3.915" tests="7">
    <testcase classname="State tests helpers Dummy test" name="State tests helpers Dummy test" time="0.002">
    </testcase>
    <testcase classname="LayoutState makeSplit/closeSplit - vertical" name="LayoutState makeSplit/closeSplit - vertical" time="0.035">
    </testcase>
    <testcase classname="LayoutState makeSplit/closeSplit - horizontal" name="LayoutState makeSplit/closeSplit - horizontal" time="0.006">
    </testcase>
    <testcase classname="LayoutState updateSplit" name="LayoutState updateSplit" time="0.005">
    </testcase>
    <testcase classname="LayoutState newLayout/remove" name="LayoutState newLayout/remove" time="0.007">
    </testcase>
    <testcase classname="LayoutState findSplitByID" name="LayoutState findSplitByID" time="0.003">
    </testcase>
    <testcase classname="LayoutState visitSplits" name="LayoutState visitSplits" time="0.004">
    </testcase>
  </testsuite>
</testsuites>