<?xml version="1.0" encoding="UTF-8"?>
<testsuites name="jest tests" tests="3" failures="0" time="2.677">
  <testsuite name="Components tests helpers" errors="0" failures="0" skipped="0" timestamp="2020-09-11T10:31:39" time="2.158" tests="3">
    <testcase classname="Components tests helpers Dummy test" name="Components tests helpers Dummy test" time="0.044">
    </testcase>
    <testcase classname="SparklineComponent sparkline accessor / ngOnInit" name="SparklineComponent sparkline accessor / ngOnInit" time="0.088">
    </testcase>
    <testcase classname="SparklineComponent snapshot" name="SparklineComponent snapshot" time="0.041">
    </testcase>
  </testsuite>
</testsuites>