<?xml version="1.0" encoding="UTF-8"?>
<testsuites name="jest tests" tests="1" failures="0" time="4.592">
  <testsuite name="process-list" errors="0" failures="0" skipped="0" timestamp="2020-07-27T19:34:36" time="3.988" tests="1">
    <testcase classname="process-list processListRequest" name="process-list processListRequest" time="0.36">
    </testcase>
  </testsuite>
</testsuites>