<?xml version="1.0" encoding="UTF-8"?>
<testsuites name="jest tests" tests="91" failures="0" time="23.683">
  <testsuite name="Components tests helpers" errors="0" failures="0" skipped="0" timestamp="2020-07-31T12:40:30" time="1.816" tests="5">
    <testcase classname="Components tests helpers Dummy test" name="Components tests helpers Dummy test" time="0.13">
    </testcase>
    <testcase classname="ToolbarComponent Component is created" name="ToolbarComponent Component is created" time="0.139">
    </testcase>
    <testcase classname="ToolbarComponent devtools" name="ToolbarComponent devtools" time="0.049">
    </testcase>
    <testcase classname="ToolbarComponent newLayout" name="ToolbarComponent newLayout" time="0.048">
    </testcase>
    <testcase classname="ToolbarComponent reload" name="ToolbarComponent reload" time="0.036">
    </testcase>
  </testsuite>
  <testsuite name="Components tests helpers" errors="0" failures="0" skipped="0" timestamp="2020-07-31T12:40:32" time="0.85" tests="4">
    <testcase classname="Components tests helpers Dummy test" name="Components tests helpers Dummy test" time="0.049">
    </testcase>
    <testcase classname="EqGaugeComponent Component is created" name="EqGaugeComponent Component is created" time="0.077">
    </testcase>
    <testcase classname="EqGaugeComponent count is calculated correctly" name="EqGaugeComponent count is calculated correctly" time="0.033">
    </testcase>
    <testcase classname="EqGaugeComponent color is calculated correctly" name="EqGaugeComponent color is calculated correctly" time="0.023">
    </testcase>
  </testsuite>
  <testsuite name="Components tests helpers" errors="0" failures="0" skipped="0" timestamp="2020-07-31T12:40:33" time="0.591" tests="2">
    <testcase classname="Components tests helpers Dummy test" name="Components tests helpers Dummy test" time="0.044">
    </testcase>
    <testcase classname="TableComponent Component is created" name="TableComponent Component is created" time="0.066">
    </testcase>
  </testsuite>
  <testsuite name="RootComponent" errors="0" failures="0" skipped="0" timestamp="2020-07-31T12:40:34" time="0.993" tests="1">
    <testcase classname="RootComponent App is created" name="RootComponent App is created" time="0.347">
    </testcase>
  </testsuite>
  <testsuite name="Components tests helpers" errors="0" failures="0" skipped="0" timestamp="2020-07-31T12:40:35" time="0.91" tests="2">
    <testcase classname="Components tests helpers Dummy test" name="Components tests helpers Dummy test" time="0.046">
    </testcase>
    <testcase classname="ConfirmDialogComponent Component is created" name="ConfirmDialogComponent Component is created" time="0.096">
    </testcase>
  </testsuite>
  <testsuite name="Components tests helpers" errors="0" failures="0" skipped="0" timestamp="2020-07-31T12:40:36" time="0.688" tests="2">
    <testcase classname="Components tests helpers Dummy test" name="Components tests helpers Dummy test" time="0.099">
    </testcase>
    <testcase classname="SplittableComponent Component is created" name="SplittableComponent Component is created" time="0.068">
    </testcase>
  </testsuite>
  <testsuite name="Components tests helpers" errors="0" failures="0" skipped="0" timestamp="2020-07-31T12:40:36" time="0.758" tests="2">
    <testcase classname="Components tests helpers Dummy test" name="Components tests helpers Dummy test" time="0.003">
    </testcase>
    <testcase classname="process-list processListRequest" name="process-list processListRequest" time="0.296">
    </testcase>
  </testsuite>
  <testsuite name="Components tests helpers" errors="0" failures="0" skipped="0" timestamp="2020-07-31T12:40:37" time="1.031" tests="5">
    <testcase classname="Components tests helpers Dummy test" name="Components tests helpers Dummy test" time="0.131">
    </testcase>
    <testcase classname="TabsComponent Component is created" name="TabsComponent Component is created" time="0.104">
    </testcase>
    <testcase classname="TabsComponent isInMore" name="TabsComponent isInMore" time="0.036">
    </testcase>
    <testcase classname="TabsComponent remove" name="TabsComponent remove" time="0.047">
    </testcase>
    <testcase classname="TabsComponent select" name="TabsComponent select" time="0.04">
    </testcase>
  </testsuite>
  <testsuite name="Components tests helpers" errors="0" failures="0" skipped="0" timestamp="2020-07-31T12:40:38" time="0.883" tests="2">
    <testcase classname="Components tests helpers Dummy test" name="Components tests helpers Dummy test" time="0.136">
    </testcase>
    <testcase classname="HeaderComponent Component is created" name="HeaderComponent Component is created" time="0.128">
    </testcase>
  </testsuite>
  <testsuite name="Components tests helpers" errors="0" failures="0" skipped="0" timestamp="2020-07-31T12:40:39" time="0.944" tests="2">
    <testcase classname="Components tests helpers Dummy test" name="Components tests helpers Dummy test" time="0.156">
    </testcase>
    <testcase classname="TabPrefsComponent Component is created" name="TabPrefsComponent Component is created" time="0.149">
    </testcase>
  </testsuite>
  <testsuite name="Components tests helpers" errors="0" failures="0" skipped="0" timestamp="2020-07-31T12:40:40" time="0.863" tests="2">
    <testcase classname="Components tests helpers Dummy test" name="Components tests helpers Dummy test" time="0.119">
    </testcase>
    <testcase classname="SystemInfoComponent Component is created" name="SystemInfoComponent Component is created" time="0.088">
    </testcase>
  </testsuite>
  <testsuite name="Components tests helpers" errors="0" failures="0" skipped="0" timestamp="2020-07-31T12:40:41" time="0.78" tests="2">
    <testcase classname="Components tests helpers Dummy test" name="Components tests helpers Dummy test" time="0.138">
    </testcase>
    <testcase classname="PaneComponent Component is created" name="PaneComponent Component is created" time="0.098">
    </testcase>
  </testsuite>
  <testsuite name="Widgets tests helpers" errors="0" failures="0" skipped="0" timestamp="2020-07-31T12:40:42" time="0.628" tests="2">
    <testcase classname="Widgets tests helpers Dummy test" name="Widgets tests helpers Dummy test" time="0.049">
    </testcase>
    <testcase classname="ProcessesComponent Component is created" name="ProcessesComponent Component is created" time="0.097">
    </testcase>
  </testsuite>
  <testsuite name="Components tests helpers" errors="0" failures="0" skipped="0" timestamp="2020-07-31T12:40:42" time="0.801" tests="1">
    <testcase classname="Components tests helpers Dummy test" name="Components tests helpers Dummy test" time="0.182">
    </testcase>
  </testsuite>
  <testsuite name="Components tests helpers" errors="0" failures="0" skipped="0" timestamp="2020-07-31T12:40:43" time="0.523" tests="1">
    <testcase classname="Components tests helpers Dummy test" name="Components tests helpers Dummy test" time="0.039">
    </testcase>
  </testsuite>
  <testsuite name="Components tests helpers" errors="0" failures="0" skipped="0" timestamp="2020-07-31T12:40:44" time="0.89" tests="2">
    <testcase classname="Components tests helpers Dummy test" name="Components tests helpers Dummy test" time="0.055">
    </testcase>
    <testcase classname="SparklineComponent Component is created" name="SparklineComponent Component is created" time="0.084">
    </testcase>
  </testsuite>
  <testsuite name="Widgets tests helpers" errors="0" failures="0" skipped="0" timestamp="2020-07-31T12:40:45" time="0.639" tests="1">
    <testcase classname="Widgets tests helpers Dummy test" name="Widgets tests helpers Dummy test" time="0.07">
    </testcase>
  </testsuite>
  <testsuite name="State tests helpers" errors="0" failures="0" skipped="0" timestamp="2020-07-31T12:40:45" time="0.512" tests="7">
    <testcase classname="State tests helpers Dummy test" name="State tests helpers Dummy test" time="0.003">
    </testcase>
    <testcase classname="TabsState newTab/removeTab" name="TabsState newTab/removeTab" time="0.036">
    </testcase>
    <testcase classname="TabsState moveTab - left" name="TabsState moveTab - left" time="0.007">
    </testcase>
    <testcase classname="TabsState moveTab - right" name="TabsState moveTab - right" time="0.007">
    </testcase>
    <testcase classname="TabsState updateTab" name="TabsState updateTab" time="0.017">
    </testcase>
    <testcase classname="TabsState tab accessor" name="TabsState tab accessor" time="0.007">
    </testcase>
    <testcase classname="TabsState tabIndex accessor" name="TabsState tabIndex accessor" time="0.005">
    </testcase>
  </testsuite>
  <testsuite name="State tests helpers" errors="0" failures="0" skipped="0" timestamp="2020-07-31T12:40:46" time="0.487" tests="7">
    <testcase classname="State tests helpers Dummy test" name="State tests helpers Dummy test" time="0.002">
    </testcase>
    <testcase classname="LayoutState makeSplit/closeSplit - vertical" name="LayoutState makeSplit/closeSplit - vertical" time="0.036">
    </testcase>
    <testcase classname="LayoutState makeSplit/closeSplit - horizontal" name="LayoutState makeSplit/closeSplit - horizontal" time="0.011">
    </testcase>
    <testcase classname="LayoutState updateSplit" name="LayoutState updateSplit" time="0.01">
    </testcase>
    <testcase classname="LayoutState newLayout/removeLayout" name="LayoutState newLayout/removeLayout" time="0.009">
    </testcase>
    <testcase classname="LayoutState findSplitByID" name="LayoutState findSplitByID" time="0.011">
    </testcase>
    <testcase classname="LayoutState visitSplits" name="LayoutState visitSplits" time="0.016">
    </testcase>
  </testsuite>
  <testsuite name="State tests helpers" errors="0" failures="0" skipped="0" timestamp="2020-07-31T12:40:46" time="0.419" tests="4">
    <testcase classname="State tests helpers Dummy test" name="State tests helpers Dummy test" time="0.002">
    </testcase>
    <testcase classname="TernimalState Ternimal can be enabled and disabled" name="TernimalState Ternimal can be enabled and disabled" time="0.034">
    </testcase>
    <testcase classname="TernimalState Tab prefs can be shown/hidden" name="TernimalState Tab prefs can be shown/hidden" time="0.008">
    </testcase>
    <testcase classname="TernimalState Ternimal can compute a locally unique number" name="TernimalState Ternimal can compute a locally unique number" time="0.006">
    </testcase>
  </testsuite>
  <testsuite name="State tests helpers" errors="0" failures="0" skipped="0" timestamp="2020-07-31T12:40:47" time="0.478" tests="2">
    <testcase classname="State tests helpers Dummy test" name="State tests helpers Dummy test" time="0.002">
    </testcase>
    <testcase classname="ProcessesState dummy" name="ProcessesState dummy" time="0.05">
    </testcase>
  </testsuite>
  <testsuite name="State tests helpers" errors="0" failures="0" skipped="0" timestamp="2020-07-31T12:40:47" time="0.419" tests="3">
    <testcase classname="State tests helpers Dummy test" name="State tests helpers Dummy test" time="0.002">
    </testcase>
    <testcase classname="SelectionState selectLayout" name="SelectionState selectLayout" time="0.031">
    </testcase>
    <testcase classname="SelectionState selectSplit" name="SelectionState selectSplit" time="0.008">
    </testcase>
  </testsuite>
  <testsuite name="local-storage" errors="0" failures="0" skipped="0" timestamp="2020-07-31T12:40:48" time="0.322" tests="6">
    <testcase classname="local-storage smoke test" name="local-storage smoke test" time="0.004">
    </testcase>
    <testcase classname="local-storage clear" name="local-storage clear" time="0.001">
    </testcase>
    <testcase classname="local-storage getItem" name="local-storage getItem" time="0.001">
    </testcase>
    <testcase classname="local-storage key" name="local-storage key" time="0">
    </testcase>
    <testcase classname="local-storage removeItem" name="local-storage removeItem" time="0.001">
    </testcase>
    <testcase classname="local-storage setItem" name="local-storage setItem" time="0">
    </testcase>
  </testsuite>
  <testsuite name="State tests helpers" errors="0" failures="0" skipped="0" timestamp="2020-07-31T12:40:48" time="0.34" tests="1">
    <testcase classname="State tests helpers Dummy test" name="State tests helpers Dummy test" time="0.002">
    </testcase>
  </testsuite>
  <testsuite name="StorageService" errors="0" failures="0" skipped="0" timestamp="2020-07-31T12:40:49" time="0.421" tests="5">
    <testcase classname="StorageService clear" name="StorageService clear" time="0.023">
    </testcase>
    <testcase classname="StorageService getItem" name="StorageService getItem" time="0.005">
    </testcase>
    <testcase classname="StorageService key" name="StorageService key" time="0.004">
    </testcase>
    <testcase classname="StorageService removeItem" name="StorageService removeItem" time="0.012">
    </testcase>
    <testcase classname="StorageService setItem" name="StorageService setItem" time="0.006">
    </testcase>
  </testsuite>
  <testsuite name="Utils" errors="0" failures="0" skipped="0" timestamp="2020-07-31T12:40:49" time="0.492" tests="4">
    <testcase classname="Utils Object can be deep copied" name="Utils Object can be deep copied" time="0.033">
    </testcase>
    <testcase classname="Utils hasProperty can test for a string" name="Utils hasProperty can test for a string" time="0.004">
    </testcase>
    <testcase classname="Utils hasProperty can test for a regexp" name="Utils hasProperty can test for a regexp" time="0.005">
    </testcase>
    <testcase classname="Utils nextTick works asynchronously" name="Utils nextTick works asynchronously" time="0.007">
    </testcase>
  </testsuite>
  <testsuite name="Params" errors="0" failures="0" skipped="0" timestamp="2020-07-31T12:40:49" time="0.368" tests="1">
    <testcase classname="Params uuid" name="Params uuid" time="0.023">
    </testcase>
  </testsuite>
  <testsuite name="ternimal" errors="0" failures="0" skipped="0" timestamp="2020-07-31T12:40:50" time="0.361" tests="4">
    <testcase classname="ternimal ready (dev mode)" name="ternimal ready (dev mode)" time="0.004">
    </testcase>
    <testcase classname="ternimal ready (prod mode)" name="ternimal ready (prod mode)" time="0.001">
    </testcase>
    <testcase classname="ternimal ready (getBounds)" name="ternimal ready (getBounds)" time="0.001">
    </testcase>
    <testcase classname="ternimal window-all-closed" name="ternimal window-all-closed" time="0.001">
    </testcase>
  </testsuite>
  <testsuite name="operators" errors="0" failures="0" skipped="0" timestamp="2020-07-31T12:40:50" time="0.313" tests="1">
    <testcase classname="operators scratch" name="operators scratch" time="0.004">
    </testcase>
  </testsuite>
  <testsuite name="system-info" errors="0" failures="0" skipped="0" timestamp="2020-07-31T12:40:51" time="0.309" tests="1">
    <testcase classname="system-info systemInfo" name="system-info systemInfo" time="0.004">
    </testcase>
  </testsuite>
  <testsuite name="channels" errors="0" failures="0" skipped="0" timestamp="2020-07-31T12:40:51" time="0.292" tests="1">
    <testcase classname="channels enums" name="channels enums" time="0.002">
    </testcase>
  </testsuite>
  <testsuite name="toolbar" errors="0" failures="0" skipped="0" timestamp="2020-07-31T12:40:51" time="0.382" tests="2">
    <testcase classname="toolbar openDevTools" name="toolbar openDevTools" time="0.003">
    </testcase>
    <testcase classname="toolbar reload" name="toolbar reload" time="0.001">
    </testcase>
  </testsuite>
  <testsuite name="RangePipe" errors="0" failures="0" skipped="0" timestamp="2020-07-31T12:40:52" time="0.498" tests="2">
    <testcase classname="RangePipe creates array without offset" name="RangePipe creates array without offset" time="0.003">
    </testcase>
    <testcase classname="RangePipe creates array with offset" name="RangePipe creates array with offset" time="0.001">
    </testcase>
  </testsuite>
  <testsuite name="Components tests helpers" errors="0" failures="0" skipped="0" timestamp="2020-07-31T12:40:52" time="0.298" tests="1">
    <testcase classname="Components tests helpers Dummy test" name="Components tests helpers Dummy test" time="0.003">
    </testcase>
  </testsuite>
  <testsuite name="DestroyService" errors="0" failures="0" skipped="0" timestamp="2020-07-31T12:40:52" time="0.291" tests="1">
    <testcase classname="DestroyService destroy$ will complete a stream" name="DestroyService destroy$ will complete a stream" time="0.004">
    </testcase>
  </testsuite>
</testsuites>