<?xml version="1.0" encoding="UTF-8"?>
<testsuites name="jest tests" tests="9" failures="0" time="6.872">
  <testsuite name="xterm-pty" errors="0" failures="0" skipped="0" timestamp="2020-09-08T08:57:37" time="6.356" tests="9">
    <testcase classname="xterm-pty findCWD - Linux" name="xterm-pty findCWD - Linux" time="0.509">
    </testcase>
    <testcase classname="xterm-pty findCWD - MacOS" name="xterm-pty findCWD - MacOS" time="1.384">
    </testcase>
    <testcase classname="xterm-pty findCWD - Windows" name="xterm-pty findCWD - Windows" time="0.504">
    </testcase>
    <testcase classname="xterm-pty xtermConnect" name="xterm-pty xtermConnect" time="0.006">
    </testcase>
    <testcase classname="xterm-pty xtermConnect - detect CWD" name="xterm-pty xtermConnect - detect CWD" time="0.601">
    </testcase>
    <testcase classname="xterm-pty xtermDisconnect" name="xterm-pty xtermDisconnect" time="0.002">
    </testcase>
    <testcase classname="xterm-pty xtermKill" name="xterm-pty xtermKill" time="0.002">
    </testcase>
    <testcase classname="xterm-pty xtermResizePty" name="xterm-pty xtermResizePty" time="0">
    </testcase>
    <testcase classname="xterm-pty xtermToPty" name="xterm-pty xtermToPty" time="0.001">
    </testcase>
  </testsuite>
</testsuites>