<?xml version="1.0" encoding="UTF-8"?>
<testsuites name="jest tests" tests="5" failures="0" time="3.915">
  <testsuite name="Utils" errors="0" failures="0" skipped="0" timestamp="2020-08-04T17:32:55" time="3.323" tests="5">
    <testcase classname="Utils Object can be deep copied" name="Utils Object can be deep copied" time="0.014">
    </testcase>
    <testcase classname="Utils hasProperty can test for a string" name="Utils hasProperty can test for a string" time="0.003">
    </testcase>
    <testcase classname="Utils hasProperty can test for a regexp" name="Utils hasProperty can test for a regexp" time="0.002">
    </testcase>
    <testcase classname="Utils Objects can be shallow merged, respecting null values" name="Utils Objects can be shallow merged, respecting null values" time="0.002">
    </testcase>
    <testcase classname="Utils nextTick works asynchronously" name="Utils nextTick works asynchronously" time="0.003">
    </testcase>
  </testsuite>
</testsuites>