<?xml version="1.0" encoding="UTF-8"?>
<testsuites name="jest tests" tests="2" failures="0" time="5.03">
  <testsuite name="Widgets tests helpers" errors="0" failures="0" skipped="0" timestamp="2020-09-12T20:21:55" time="4.537" tests="2">
    <testcase classname="Widgets tests helpers Dummy test" name="Widgets tests helpers Dummy test" time="0.073">
    </testcase>
    <testcase classname="TerminalComponent component" name="TerminalComponent component" time="0.124">
    </testcase>
  </testsuite>
</testsuites>