<?xml version="1.0" encoding="UTF-8"?>
<testsuites name="jest tests" tests="4" failures="0" time="7.256">
  <testsuite name="Pages tests helpers" errors="0" failures="0" skipped="0" timestamp="2020-09-12T08:32:41" time="4.388" tests="4">
    <testcase classname="Pages tests helpers Dummy test" name="Pages tests helpers Dummy test" time="0.187">
    </testcase>
    <testcase classname="RootComponent isMoreSelected" name="RootComponent isMoreSelected" time="0.092">
    </testcase>
    <testcase classname="RootComponent isTabsSelected" name="RootComponent isTabsSelected" time="0.04">
    </testcase>
    <testcase classname="RootComponent snapshot" name="RootComponent snapshot" time="0.083">
    </testcase>
  </testsuite>
</testsuites>