<?xml version="1.0" encoding="UTF-8"?>
<testsuites name="jest tests" tests="3" failures="0" time="4.068">
  <testsuite name="copy-move" errors="0" failures="0" skipped="0" timestamp="2020-09-03T20:26:09" time="3.557" tests="3">
    <testcase classname="copy-move disambiguateTos" name="copy-move disambiguateTos" time="0.013">
    </testcase>
    <testcase classname="copy-move itemizeFroms" name="copy-move itemizeFroms" time="0.008">
    </testcase>
    <testcase classname="copy-move matchFromsWithTos" name="copy-move matchFromsWithTos" time="0.003">
    </testcase>
  </testsuite>
</testsuites>