<?xml version="1.0" encoding="UTF-8"?>
<testsuites name="jest tests" tests="1" failures="0" time="4.281">
  <testsuite name="RootPageComponent" errors="0" failures="0" skipped="0" timestamp="2020-07-18T11:22:02" time="2.687" tests="1">
    <testcase classname="RootPageComponent App is created" name="RootPageComponent App is created" time="0.114">
    </testcase>
  </testsuite>
</testsuites>